2019-04-12 11:50:16.352  INFO 1212 --- [restartedMain] com.amethystum.manage.BootApplication    : Starting BootApplication on SC-201903112257 with PID 1212 (D:\workspace\ops-manage\target\classes started by Administrator in D:\workspace\ops-manage)
2019-04-12 11:50:16.359  INFO 1212 --- [restartedMain] com.amethystum.manage.BootApplication    : The following profiles are active: dev
2019-04-12 11:50:16.414  INFO 1212 --- [restartedMain] .e.DevToolsPropertyDefaultsPostProcessor : Devtools property defaults active! Set 'spring.devtools.add-properties' to 'false' to disable
2019-04-12 11:50:16.415  INFO 1212 --- [restartedMain] .e.DevToolsPropertyDefaultsPostProcessor : For additional web related logging consider setting the 'logging.level.web' property to 'DEBUG'
2019-04-12 11:50:18.260  INFO 1212 --- [restartedMain] .s.d.r.c.RepositoryConfigurationDelegate : Multiple Spring Data modules found, entering strict repository configuration mode!
2019-04-12 11:50:18.262  INFO 1212 --- [restartedMain] .s.d.r.c.RepositoryConfigurationDelegate : Bootstrapping Spring Data repositories in DEFAULT mode.
2019-04-12 11:50:18.484  INFO 1212 --- [restartedMain] .s.d.r.c.RepositoryConfigurationDelegate : Finished Spring Data repository scanning in 215ms. Found 13 repository interfaces.
2019-04-12 11:50:18.951  INFO 1212 --- [restartedMain] ptablePropertiesBeanFactoryPostProcessor : Post-processing PropertySource instances
2019-04-12 11:50:19.038  INFO 1212 --- [restartedMain] c.u.j.EncryptablePropertySourceConverter : Converting PropertySource configurationProperties [org.springframework.boot.context.properties.source.ConfigurationPropertySourcesPropertySource] to AOP Proxy
2019-04-12 11:50:19.040  INFO 1212 --- [restartedMain] c.u.j.EncryptablePropertySourceConverter : Converting PropertySource servletConfigInitParams [org.springframework.core.env.PropertySource$StubPropertySource] to EncryptablePropertySourceWrapper
2019-04-12 11:50:19.040  INFO 1212 --- [restartedMain] c.u.j.EncryptablePropertySourceConverter : Converting PropertySource servletContextInitParams [org.springframework.core.env.PropertySource$StubPropertySource] to EncryptablePropertySourceWrapper
2019-04-12 11:50:19.040  INFO 1212 --- [restartedMain] c.u.j.EncryptablePropertySourceConverter : Converting PropertySource systemProperties [org.springframework.core.env.MapPropertySource] to EncryptableMapPropertySourceWrapper
2019-04-12 11:50:19.040  INFO 1212 --- [restartedMain] c.u.j.EncryptablePropertySourceConverter : Converting PropertySource systemEnvironment [org.springframework.boot.env.SystemEnvironmentPropertySourceEnvironmentPostProcessor$OriginAwareSystemEnvironmentPropertySource] to EncryptableMapPropertySourceWrapper
2019-04-12 11:50:19.041  INFO 1212 --- [restartedMain] c.u.j.EncryptablePropertySourceConverter : Converting PropertySource random [org.springframework.boot.env.RandomValuePropertySource] to EncryptablePropertySourceWrapper
2019-04-12 11:50:19.042  INFO 1212 --- [restartedMain] c.u.j.EncryptablePropertySourceConverter : Converting PropertySource applicationConfig: [classpath:/application-dev.yml] [org.springframework.boot.env.OriginTrackedMapPropertySource] to EncryptableMapPropertySourceWrapper
2019-04-12 11:50:19.042  INFO 1212 --- [restartedMain] c.u.j.EncryptablePropertySourceConverter : Converting PropertySource applicationConfig: [classpath:/application.yml] [org.springframework.boot.env.OriginTrackedMapPropertySource] to EncryptableMapPropertySourceWrapper
2019-04-12 11:50:19.042  INFO 1212 --- [restartedMain] c.u.j.EncryptablePropertySourceConverter : Converting PropertySource devtools [org.springframework.core.env.MapPropertySource] to EncryptableMapPropertySourceWrapper
2019-04-12 11:50:19.111  INFO 1212 --- [restartedMain] c.u.j.filter.DefaultLazyPropertyFilter   : Property Filter custom Bean not found with name 'encryptablePropertyFilter'. Initializing Default Property Filter
2019-04-12 11:50:19.206  INFO 1212 --- [restartedMain] trationDelegate$BeanPostProcessorChecker : Bean 'org.springframework.transaction.annotation.ProxyTransactionManagementConfiguration' of type [org.springframework.transaction.annotation.ProxyTransactionManagementConfiguration$$EnhancerBySpringCGLIB$$f6ce29f2] is not eligible for getting processed by all BeanPostProcessors (for example: not eligible for auto-proxying)
2019-04-12 11:50:19.461  INFO 1212 --- [restartedMain] trationDelegate$BeanPostProcessorChecker : Bean 'org.springframework.security.config.annotation.configuration.ObjectPostProcessorConfiguration' of type [org.springframework.security.config.annotation.configuration.ObjectPostProcessorConfiguration$$EnhancerBySpringCGLIB$$8f7bf22c] is not eligible for getting processed by all BeanPostProcessors (for example: not eligible for auto-proxying)
2019-04-12 11:50:19.468  INFO 1212 --- [restartedMain] trationDelegate$BeanPostProcessorChecker : Bean 'objectPostProcessor' of type [org.springframework.security.config.annotation.configuration.AutowireBeanFactoryObjectPostProcessor] is not eligible for getting processed by all BeanPostProcessors (for example: not eligible for auto-proxying)
2019-04-12 11:50:19.470  INFO 1212 --- [restartedMain] trationDelegate$BeanPostProcessorChecker : Bean 'org.springframework.security.access.expression.method.DefaultMethodSecurityExpressionHandler@103e5f3f' of type [org.springframework.security.access.expression.method.DefaultMethodSecurityExpressionHandler] is not eligible for getting processed by all BeanPostProcessors (for example: not eligible for auto-proxying)
2019-04-12 11:50:19.474  INFO 1212 --- [restartedMain] trationDelegate$BeanPostProcessorChecker : Bean 'org.springframework.security.config.annotation.method.configuration.GlobalMethodSecurityConfiguration' of type [org.springframework.security.config.annotation.method.configuration.GlobalMethodSecurityConfiguration$$EnhancerBySpringCGLIB$$b45094de] is not eligible for getting processed by all BeanPostProcessors (for example: not eligible for auto-proxying)
2019-04-12 11:50:19.482  INFO 1212 --- [restartedMain] trationDelegate$BeanPostProcessorChecker : Bean 'methodSecurityMetadataSource' of type [org.springframework.security.access.method.DelegatingMethodSecurityMetadataSource] is not eligible for getting processed by all BeanPostProcessors (for example: not eligible for auto-proxying)
2019-04-12 11:50:19.514  WARN 1212 --- [restartedMain] ConfigServletWebServerApplicationContext : Exception encountered during context initialization - cancelling refresh attempt: org.springframework.context.ApplicationContextException: Unable to start web server; nested exception is org.springframework.context.ApplicationContextException: Unable to start ServletWebServerApplicationContext due to missing ServletWebServerFactory bean.
2019-04-12 11:50:19.529  INFO 1212 --- [restartedMain] ConditionEvaluationReportLoggingListener : 

Error starting ApplicationContext. To display the conditions report re-run your application with 'debug' enabled.
2019-04-12 11:50:19.535 ERROR 1212 --- [restartedMain] o.s.boot.SpringApplication               : Application run failed

org.springframework.context.ApplicationContextException: Unable to start web server; nested exception is org.springframework.context.ApplicationContextException: Unable to start ServletWebServerApplicationContext due to missing ServletWebServerFactory bean.
	at org.springframework.boot.web.servlet.context.ServletWebServerApplicationContext.onRefresh(ServletWebServerApplicationContext.java:157) ~[spring-boot-2.1.2.RELEASE.jar:2.1.2.RELEASE]
	at org.springframework.context.support.AbstractApplicationContext.refresh(AbstractApplicationContext.java:540) ~[spring-context-5.1.4.RELEASE.jar:5.1.4.RELEASE]
	at org.springframework.boot.web.servlet.context.ServletWebServerApplicationContext.refresh(ServletWebServerApplicationContext.java:142) ~[spring-boot-2.1.2.RELEASE.jar:2.1.2.RELEASE]
	at org.springframework.boot.SpringApplication.refresh(SpringApplication.java:775) [spring-boot-2.1.2.RELEASE.jar:2.1.2.RELEASE]
	at org.springframework.boot.SpringApplication.refreshContext(SpringApplication.java:397) [spring-boot-2.1.2.RELEASE.jar:2.1.2.RELEASE]
	at org.springframework.boot.SpringApplication.run(SpringApplication.java:316) [spring-boot-2.1.2.RELEASE.jar:2.1.2.RELEASE]
	at org.springframework.boot.SpringApplication.run(SpringApplication.java:1260) [spring-boot-2.1.2.RELEASE.jar:2.1.2.RELEASE]
	at org.springframework.boot.SpringApplication.run(SpringApplication.java:1248) [spring-boot-2.1.2.RELEASE.jar:2.1.2.RELEASE]
	at com.amethystum.manage.BootApplication.main(BootApplication.java:19) [classes/:na]
	at sun.reflect.NativeMethodAccessorImpl.invoke0(Native Method) ~[na:1.8.0_131]
	at sun.reflect.NativeMethodAccessorImpl.invoke(NativeMethodAccessorImpl.java:62) ~[na:1.8.0_131]
	at sun.reflect.DelegatingMethodAccessorImpl.invoke(DelegatingMethodAccessorImpl.java:43) ~[na:1.8.0_131]
	at java.lang.reflect.Method.invoke(Method.java:498) ~[na:1.8.0_131]
	at org.springframework.boot.devtools.restart.RestartLauncher.run(RestartLauncher.java:49) [spring-boot-devtools-2.1.2.RELEASE.jar:2.1.2.RELEASE]
Caused by: org.springframework.context.ApplicationContextException: Unable to start ServletWebServerApplicationContext due to missing ServletWebServerFactory bean.
	at org.springframework.boot.web.servlet.context.ServletWebServerApplicationContext.getWebServerFactory(ServletWebServerApplicationContext.java:206) ~[spring-boot-2.1.2.RELEASE.jar:2.1.2.RELEASE]
	at org.springframework.boot.web.servlet.context.ServletWebServerApplicationContext.createWebServer(ServletWebServerApplicationContext.java:180) ~[spring-boot-2.1.2.RELEASE.jar:2.1.2.RELEASE]
	at org.springframework.boot.web.servlet.context.ServletWebServerApplicationContext.onRefresh(ServletWebServerApplicationContext.java:154) ~[spring-boot-2.1.2.RELEASE.jar:2.1.2.RELEASE]
	... 13 common frames omitted

2019-04-12 11:56:47.245  INFO 21780 --- [restartedMain] com.amethystum.manage.BootApplication    : Starting BootApplication on SC-201903112257 with PID 21780 (D:\workspace\ops-manage\target\classes started by Administrator in D:\workspace\ops-manage)
2019-04-12 11:56:47.248  INFO 21780 --- [restartedMain] com.amethystum.manage.BootApplication    : The following profiles are active: dev
2019-04-12 11:56:47.328  INFO 21780 --- [restartedMain] .e.DevToolsPropertyDefaultsPostProcessor : Devtools property defaults active! Set 'spring.devtools.add-properties' to 'false' to disable
2019-04-12 11:56:47.329  INFO 21780 --- [restartedMain] .e.DevToolsPropertyDefaultsPostProcessor : For additional web related logging consider setting the 'logging.level.web' property to 'DEBUG'
2019-04-12 11:56:49.152  INFO 21780 --- [restartedMain] .s.d.r.c.RepositoryConfigurationDelegate : Multiple Spring Data modules found, entering strict repository configuration mode!
2019-04-12 11:56:49.154  INFO 21780 --- [restartedMain] .s.d.r.c.RepositoryConfigurationDelegate : Bootstrapping Spring Data repositories in DEFAULT mode.
2019-04-12 11:56:49.389  INFO 21780 --- [restartedMain] .s.d.r.c.RepositoryConfigurationDelegate : Finished Spring Data repository scanning in 225ms. Found 13 repository interfaces.
2019-04-12 11:56:49.821  INFO 21780 --- [restartedMain] ptablePropertiesBeanFactoryPostProcessor : Post-processing PropertySource instances
2019-04-12 11:56:49.961  INFO 21780 --- [restartedMain] c.u.j.EncryptablePropertySourceConverter : Converting PropertySource configurationProperties [org.springframework.boot.context.properties.source.ConfigurationPropertySourcesPropertySource] to AOP Proxy
2019-04-12 11:56:49.961  INFO 21780 --- [restartedMain] c.u.j.EncryptablePropertySourceConverter : Converting PropertySource servletConfigInitParams [org.springframework.core.env.PropertySource$StubPropertySource] to EncryptablePropertySourceWrapper
2019-04-12 11:56:49.961  INFO 21780 --- [restartedMain] c.u.j.EncryptablePropertySourceConverter : Converting PropertySource servletContextInitParams [org.springframework.core.env.PropertySource$StubPropertySource] to EncryptablePropertySourceWrapper
2019-04-12 11:56:49.962  INFO 21780 --- [restartedMain] c.u.j.EncryptablePropertySourceConverter : Converting PropertySource systemProperties [org.springframework.core.env.MapPropertySource] to EncryptableMapPropertySourceWrapper
2019-04-12 11:56:49.962  INFO 21780 --- [restartedMain] c.u.j.EncryptablePropertySourceConverter : Converting PropertySource systemEnvironment [org.springframework.boot.env.SystemEnvironmentPropertySourceEnvironmentPostProcessor$OriginAwareSystemEnvironmentPropertySource] to EncryptableMapPropertySourceWrapper
2019-04-12 11:56:49.962  INFO 21780 --- [restartedMain] c.u.j.EncryptablePropertySourceConverter : Converting PropertySource random [org.springframework.boot.env.RandomValuePropertySource] to EncryptablePropertySourceWrapper
2019-04-12 11:56:49.962  INFO 21780 --- [restartedMain] c.u.j.EncryptablePropertySourceConverter : Converting PropertySource applicationConfig: [classpath:/application-dev.yml] [org.springframework.boot.env.OriginTrackedMapPropertySource] to EncryptableMapPropertySourceWrapper
2019-04-12 11:56:49.962  INFO 21780 --- [restartedMain] c.u.j.EncryptablePropertySourceConverter : Converting PropertySource applicationConfig: [classpath:/application.yml] [org.springframework.boot.env.OriginTrackedMapPropertySource] to EncryptableMapPropertySourceWrapper
2019-04-12 11:56:49.962  INFO 21780 --- [restartedMain] c.u.j.EncryptablePropertySourceConverter : Converting PropertySource devtools [org.springframework.core.env.MapPropertySource] to EncryptableMapPropertySourceWrapper
2019-04-12 11:56:50.027  INFO 21780 --- [restartedMain] c.u.j.filter.DefaultLazyPropertyFilter   : Property Filter custom Bean not found with name 'encryptablePropertyFilter'. Initializing Default Property Filter
2019-04-12 11:56:50.116  INFO 21780 --- [restartedMain] trationDelegate$BeanPostProcessorChecker : Bean 'org.springframework.transaction.annotation.ProxyTransactionManagementConfiguration' of type [org.springframework.transaction.annotation.ProxyTransactionManagementConfiguration$$EnhancerBySpringCGLIB$$a16ce0c] is not eligible for getting processed by all BeanPostProcessors (for example: not eligible for auto-proxying)
2019-04-12 11:56:50.314  INFO 21780 --- [restartedMain] trationDelegate$BeanPostProcessorChecker : Bean 'org.springframework.security.config.annotation.configuration.ObjectPostProcessorConfiguration' of type [org.springframework.security.config.annotation.configuration.ObjectPostProcessorConfiguration$$EnhancerBySpringCGLIB$$a2c49646] is not eligible for getting processed by all BeanPostProcessors (for example: not eligible for auto-proxying)
2019-04-12 11:56:50.321  INFO 21780 --- [restartedMain] trationDelegate$BeanPostProcessorChecker : Bean 'objectPostProcessor' of type [org.springframework.security.config.annotation.configuration.AutowireBeanFactoryObjectPostProcessor] is not eligible for getting processed by all BeanPostProcessors (for example: not eligible for auto-proxying)
2019-04-12 11:56:50.323  INFO 21780 --- [restartedMain] trationDelegate$BeanPostProcessorChecker : Bean 'org.springframework.security.access.expression.method.DefaultMethodSecurityExpressionHandler@239acaf' of type [org.springframework.security.access.expression.method.DefaultMethodSecurityExpressionHandler] is not eligible for getting processed by all BeanPostProcessors (for example: not eligible for auto-proxying)
2019-04-12 11:56:50.327  INFO 21780 --- [restartedMain] trationDelegate$BeanPostProcessorChecker : Bean 'org.springframework.security.config.annotation.method.configuration.GlobalMethodSecurityConfiguration' of type [org.springframework.security.config.annotation.method.configuration.GlobalMethodSecurityConfiguration$$EnhancerBySpringCGLIB$$c79938f8] is not eligible for getting processed by all BeanPostProcessors (for example: not eligible for auto-proxying)
2019-04-12 11:56:50.334  INFO 21780 --- [restartedMain] trationDelegate$BeanPostProcessorChecker : Bean 'methodSecurityMetadataSource' of type [org.springframework.security.access.method.DelegatingMethodSecurityMetadataSource] is not eligible for getting processed by all BeanPostProcessors (for example: not eligible for auto-proxying)
2019-04-12 11:56:50.422  INFO 21780 --- [restartedMain] c.u.j.r.DefaultLazyPropertyResolver      : Property Resolver custom Bean not found with name 'encryptablePropertyResolver'. Initializing Default Property Resolver
2019-04-12 11:56:50.424  INFO 21780 --- [restartedMain] c.u.j.d.DefaultLazyPropertyDetector      : Property Detector custom Bean not found with name 'encryptablePropertyDetector'. Initializing Default Property Detector
2019-04-12 11:56:51.043  INFO 21780 --- [restartedMain] o.s.b.w.embedded.tomcat.TomcatWebServer  : Tomcat initialized with port(s): 8888 (http)
2019-04-12 11:56:51.071  INFO 21780 --- [restartedMain] o.apache.catalina.core.StandardService   : Starting service [Tomcat]
2019-04-12 11:56:51.072  INFO 21780 --- [restartedMain] org.apache.catalina.core.StandardEngine  : Starting Servlet engine: [Apache Tomcat/9.0.14]
2019-04-12 11:56:51.083  INFO 21780 --- [restartedMain] o.a.catalina.core.AprLifecycleListener   : The APR based Apache Tomcat Native library which allows optimal performance in production environments was not found on the java.library.path: [D:\work\jdk1.8.0_131\bin;C:\Windows\Sun\Java\bin;C:\Windows\system32;C:\Windows;D:/work/jdk1.8.0_131/bin/../jre/bin/server;D:/work/jdk1.8.0_131/bin/../jre/bin;D:/work/jdk1.8.0_131/bin/../jre/lib/amd64;C:\Windows\system32;C:\Windows;C:\Windows\System32\Wbem;C:\Windows\System32\WindowsPowerShell\v1.0\;C:\Windows\System32\OpenSSH\;F:\Program Files\nodejs\;C:\Users\Administrator\AppData\Local\Microsoft\WindowsApps;D:\work\jdk1.8.0_131\bin;C:\Users\Administrator\AppData\Roaming\npm;D:\work\eclipse_dorong;;.]
2019-04-12 11:56:51.219  INFO 21780 --- [restartedMain] o.a.c.c.C.[.[localhost].[/ops-manage]    : Initializing Spring embedded WebApplicationContext
2019-04-12 11:56:51.219  INFO 21780 --- [restartedMain] o.s.web.context.ContextLoader            : Root WebApplicationContext: initialization completed in 3890 ms
2019-04-12 11:56:51.606  INFO 21780 --- [restartedMain] c.a.d.s.b.a.DruidDataSourceAutoConfigure : Init DruidDataSource
2019-04-12 11:56:51.842  INFO 21780 --- [restartedMain] com.alibaba.druid.pool.DruidDataSource   : {dataSource-1} inited
2019-04-12 11:56:52.516  INFO 21780 --- [restartedMain] o.hibernate.jpa.internal.util.LogHelper  : HHH000204: Processing PersistenceUnitInfo [
	name: default
	...]
2019-04-12 11:56:52.593  INFO 21780 --- [restartedMain] org.hibernate.Version                    : HHH000412: Hibernate Core {5.3.7.Final}
2019-04-12 11:56:52.596  INFO 21780 --- [restartedMain] org.hibernate.cfg.Environment            : HHH000206: hibernate.properties not found
2019-04-12 11:56:52.763  INFO 21780 --- [restartedMain] o.hibernate.annotations.common.Version   : HCANN000001: Hibernate Commons Annotations {5.0.4.Final}
2019-04-12 11:56:53.001  INFO 21780 --- [restartedMain] org.hibernate.dialect.Dialect            : HHH000400: Using dialect: org.hibernate.dialect.MySQL5Dialect
2019-04-12 11:56:54.113  INFO 21780 --- [restartedMain] j.LocalContainerEntityManagerFactoryBean : Initialized JPA EntityManagerFactory for persistence unit 'default'
2019-04-12 11:56:54.473  WARN 21780 --- [restartedMain] c.a.m.c.s.p.MyFilterSecurityInterceptor  : Could not validate configuration attributes as the SecurityMetadataSource did not return any attributes from getAllConfigAttributes()
2019-04-12 11:56:55.667  INFO 21780 --- [restartedMain] org.quartz.impl.StdSchedulerFactory      : Using default implementation for ThreadExecutor
2019-04-12 11:56:55.681  INFO 21780 --- [restartedMain] org.quartz.core.SchedulerSignalerImpl    : Initialized Scheduler Signaller of type: class org.quartz.core.SchedulerSignalerImpl
2019-04-12 11:56:55.681  INFO 21780 --- [restartedMain] org.quartz.core.QuartzScheduler          : Quartz Scheduler v.2.3.0 created.
2019-04-12 11:56:55.682  INFO 21780 --- [restartedMain] org.quartz.simpl.RAMJobStore             : RAMJobStore initialized.
2019-04-12 11:56:55.683  INFO 21780 --- [restartedMain] org.quartz.core.QuartzScheduler          : Scheduler meta-data: Quartz Scheduler (v2.3.0) 'quartzScheduler' with instanceId 'NON_CLUSTERED'
  Scheduler class: 'org.quartz.core.QuartzScheduler' - running locally.
  NOT STARTED.
  Currently in standby mode.
  Number of jobs executed: 0
  Using thread pool 'org.quartz.simpl.SimpleThreadPool' - with 10 threads.
  Using job-store 'org.quartz.simpl.RAMJobStore' - which does not support persistence. and is not clustered.

2019-04-12 11:56:55.683  INFO 21780 --- [restartedMain] org.quartz.impl.StdSchedulerFactory      : Quartz scheduler 'quartzScheduler' initialized from an externally provided properties instance.
2019-04-12 11:56:55.683  INFO 21780 --- [restartedMain] org.quartz.impl.StdSchedulerFactory      : Quartz scheduler version: 2.3.0
2019-04-12 11:56:55.683  INFO 21780 --- [restartedMain] org.quartz.core.QuartzScheduler          : JobFactory set to: org.springframework.scheduling.quartz.SpringBeanJobFactory@5232249e
2019-04-12 11:56:55.990  WARN 21780 --- [restartedMain] aWebConfiguration$JpaWebMvcConfiguration : spring.jpa.open-in-view is enabled by default. Therefore, database queries may be performed during view rendering. Explicitly configure spring.jpa.open-in-view to disable this warning
2019-04-12 11:56:56.131  INFO 21780 --- [restartedMain] o.s.b.a.e.web.EndpointLinksResolver      : Exposing 2 endpoint(s) beneath base path '/actuator'
2019-04-12 11:56:56.269  INFO 21780 --- [restartedMain] pertySourcedRequestMappingHandlerMapping : Mapped URL path [/v2/api-docs] onto method [public org.springframework.http.ResponseEntity<springfox.documentation.spring.web.json.Json> springfox.documentation.swagger2.web.Swagger2Controller.getDocumentation(java.lang.String,javax.servlet.http.HttpServletRequest)]
2019-04-12 11:56:56.276  INFO 21780 --- [restartedMain] c.a.m.config.swagger.Swagger2Config      : 加载Swagger2
2019-04-12 11:56:56.493  INFO 21780 --- [restartedMain] o.s.s.concurrent.ThreadPoolTaskExecutor  : Initializing ExecutorService 'applicationTaskExecutor'
2019-04-12 11:56:56.527  INFO 21780 --- [restartedMain] o.s.b.d.a.OptionalLiveReloadServer       : LiveReload server is running on port 35729
2019-04-12 11:56:56.932  INFO 21780 --- [restartedMain] o.s.s.web.DefaultSecurityFilterChain     : Creating filter chain: any request, [org.springframework.security.web.context.request.async.WebAsyncManagerIntegrationFilter@2e6a2607, org.springframework.security.web.context.SecurityContextPersistenceFilter@7803654, org.springframework.security.web.header.HeaderWriterFilter@6248872, org.springframework.security.web.authentication.logout.LogoutFilter@57cad3f3, org.springframework.security.web.authentication.UsernamePasswordAuthenticationFilter@7266d956, com.amethystum.manage.config.security.jwt.JWTAuthenticationFilter@180833ac, org.springframework.security.web.savedrequest.RequestCacheAwareFilter@2a4dffb6, org.springframework.security.web.servletapi.SecurityContextHolderAwareRequestFilter@63f3666e, org.springframework.security.web.authentication.AnonymousAuthenticationFilter@390d303b, org.springframework.security.web.session.SessionManagementFilter@78247b4e, org.springframework.security.web.access.ExceptionTranslationFilter@7528a888, com.amethystum.manage.config.security.permission.MyFilterSecurityInterceptor@28a3e800, org.springframework.security.web.access.intercept.FilterSecurityInterceptor@568dc74c]
2019-04-12 11:56:57.163  WARN 21780 --- [restartedMain] arterDeprecationWarningAutoConfiguration : spring-boot-starter-redis is deprecated as of Spring Boot 1.4, please migrate to spring-boot-starter-data-redis
2019-04-12 11:56:57.219  INFO 21780 --- [restartedMain] d.s.w.p.DocumentationPluginsBootstrapper : Context refreshed
2019-04-12 11:56:57.242  INFO 21780 --- [restartedMain] d.s.w.p.DocumentationPluginsBootstrapper : Found 1 custom documentation plugin(s)
2019-04-12 11:56:57.295  INFO 21780 --- [restartedMain] s.d.s.w.s.ApiListingReferenceScanner     : Scanning for api listing references
2019-04-12 11:56:57.469  INFO 21780 --- [restartedMain] .d.s.w.r.o.CachingOperationNameGenerator : Generating unique operation named: delAllByIdsUsingDELETE_1
2019-04-12 11:56:57.476  INFO 21780 --- [restartedMain] .d.s.w.r.o.CachingOperationNameGenerator : Generating unique operation named: getUsingGET_1
2019-04-12 11:56:57.481  INFO 21780 --- [restartedMain] .d.s.w.r.o.CachingOperationNameGenerator : Generating unique operation named: getAllUsingGET_1
2019-04-12 11:56:57.503  INFO 21780 --- [restartedMain] .d.s.w.r.o.CachingOperationNameGenerator : Generating unique operation named: saveUsingPOST_1
2019-04-12 11:56:57.512  INFO 21780 --- [restartedMain] .d.s.w.r.o.CachingOperationNameGenerator : Generating unique operation named: updateUsingPUT_1
2019-04-12 11:56:57.558  INFO 21780 --- [restartedMain] .d.s.w.r.o.CachingOperationNameGenerator : Generating unique operation named: addUsingPOST_1
2019-04-12 11:56:57.563  INFO 21780 --- [restartedMain] .d.s.w.r.o.CachingOperationNameGenerator : Generating unique operation named: delAllByIdsUsingDELETE_2
2019-04-12 11:56:57.567  INFO 21780 --- [restartedMain] .d.s.w.r.o.CachingOperationNameGenerator : Generating unique operation named: editUsingPOST_1
2019-04-12 11:56:57.576  INFO 21780 --- [restartedMain] .d.s.w.r.o.CachingOperationNameGenerator : Generating unique operation named: getAllUsingGET_2
2019-04-12 11:56:57.586  INFO 21780 --- [restartedMain] .d.s.w.r.o.CachingOperationNameGenerator : Generating unique operation named: addUsingPOST_2
2019-04-12 11:56:57.592  INFO 21780 --- [restartedMain] .d.s.w.r.o.CachingOperationNameGenerator : Generating unique operation named: delByIdsUsingDELETE_1
2019-04-12 11:56:57.596  INFO 21780 --- [restartedMain] .d.s.w.r.o.CachingOperationNameGenerator : Generating unique operation named: editUsingPOST_2
2019-04-12 11:56:57.618  INFO 21780 --- [restartedMain] .d.s.w.r.o.CachingOperationNameGenerator : Generating unique operation named: delByIdsUsingDELETE_2
2019-04-12 11:56:57.638  INFO 21780 --- [restartedMain] .d.s.w.r.o.CachingOperationNameGenerator : Generating unique operation named: addUsingPOST_3
2019-04-12 11:56:57.642  INFO 21780 --- [restartedMain] .d.s.w.r.o.CachingOperationNameGenerator : Generating unique operation named: delByIdsUsingDELETE_3
2019-04-12 11:56:57.647  INFO 21780 --- [restartedMain] .d.s.w.r.o.CachingOperationNameGenerator : Generating unique operation named: editUsingPOST_3
2019-04-12 11:56:57.658  INFO 21780 --- [restartedMain] .d.s.w.r.o.CachingOperationNameGenerator : Generating unique operation named: searchPermissionListUsingGET_1
2019-04-12 11:56:57.689  INFO 21780 --- [restartedMain] .d.s.w.r.o.CachingOperationNameGenerator : Generating unique operation named: getAllUsingGET_3
2019-04-12 11:56:57.703  INFO 21780 --- [restartedMain] .d.s.w.r.o.CachingOperationNameGenerator : Generating unique operation named: delByIdsUsingDELETE_4
2019-04-12 11:56:57.720  INFO 21780 --- [restartedMain] .d.s.w.r.o.CachingOperationNameGenerator : Generating unique operation named: editUsingPOST_4
2019-04-12 11:56:57.751  INFO 21780 --- [restartedMain] .d.s.w.r.o.CachingOperationNameGenerator : Generating unique operation named: saveUsingPOST_2
2019-04-12 11:56:57.760  INFO 21780 --- [restartedMain] .d.s.w.r.o.CachingOperationNameGenerator : Generating unique operation named: testUsingGET_1
2019-04-12 11:56:57.772  INFO 21780 --- [restartedMain] .d.s.w.r.o.CachingOperationNameGenerator : Generating unique operation named: delAllByIdsUsingDELETE_3
2019-04-12 11:56:57.789  INFO 21780 --- [restartedMain] .d.s.w.r.o.CachingOperationNameGenerator : Generating unique operation named: editUsingPOST_5
2019-04-12 11:56:57.817  INFO 21780 --- [restartedMain] .d.s.w.r.o.CachingOperationNameGenerator : Generating unique operation named: getByConditionUsingGET_1
2019-04-12 11:56:57.831  INFO 21780 --- [restartedMain] .d.s.w.r.o.CachingOperationNameGenerator : Generating unique operation named: getByConditionUsingGET_2
2019-04-12 11:56:57.839  INFO 21780 --- [restartedMain] .d.s.w.r.o.CachingOperationNameGenerator : Generating unique operation named: getByConditionUsingGET_3
2019-04-12 11:56:57.876  INFO 21780 --- [restartedMain] .d.s.w.r.o.CachingOperationNameGenerator : Generating unique operation named: registUsingPOST_1
2019-04-12 11:56:57.896  INFO 21780 --- [restartedMain] o.s.s.quartz.SchedulerFactoryBean        : Starting Quartz Scheduler now
2019-04-12 11:56:57.896  INFO 21780 --- [restartedMain] org.quartz.core.QuartzScheduler          : Scheduler quartzScheduler_$_NON_CLUSTERED started.
2019-04-12 11:56:57.957  INFO 21780 --- [restartedMain] o.s.b.w.embedded.tomcat.TomcatWebServer  : Tomcat started on port(s): 8888 (http) with context path '/ops-manage'
2019-04-12 11:56:57.959  INFO 21780 --- [restartedMain] com.amethystum.manage.BootApplication    : Started BootApplication in 11.245 seconds (JVM running for 11.828)
2019-04-12 11:57:19.022  INFO 21780 --- [http-nio-8888-exec-2] o.a.c.c.C.[.[localhost].[/ops-manage]    : Initializing Spring DispatcherServlet 'dispatcherServlet'
2019-04-12 11:57:19.023  INFO 21780 --- [http-nio-8888-exec-2] o.s.web.servlet.DispatcherServlet        : Initializing Servlet 'dispatcherServlet'
2019-04-12 11:57:19.042  INFO 21780 --- [http-nio-8888-exec-2] o.s.web.servlet.DispatcherServlet        : Completed initialization in 19 ms
2019-04-12 11:57:19.111  INFO 21780 --- [http-nio-8888-exec-2] o.h.h.i.QueryTranslatorFactoryInitiator  : HHH000397: Using ASTQueryTranslatorFactory
